<?xml version="1.0" encoding="UTF-8"?>
<testsuite xmlns:xsi="http://www.w3.org/2001/XMLSchema-instance" xsi:noNamespaceSchemaLocation="https://maven.apache.org/surefire/maven-surefire-plugin/xsd/surefire-test-report-3.0.xsd" version="3.0" name="tek.capstone.framework.runner.TestRunner" time="10.983" tests="2" errors="2" skipped="0" failures="0">
  <properties>
    <property name="gopherProxySet" value="false"/>
    <property name="awt.toolkit" value="sun.lwawt.macosx.LWCToolkit"/>
    <property name="java.specification.version" value="11"/>
    <property name="sun.cpu.isalist" value=""/>
    <property name="sun.jnu.encoding" value="UTF-8"/>
    <property name="java.class.path" value="/Users/sapogmayshirzai/eclipse-workspace/tek-capstone-guardians/target/test-classes:/Users/sapogmayshirzai/eclipse-workspace/tek-capstone-guardians/target/classes:/Users/sapogmayshirzai/.m2/repository/io/cucumber/cucumber-java/7.8.0/cucumber-java-7.8.0.jar:/Users/sapogmayshirzai/.m2/repository/io/cucumber/cucumber-core/7.8.0/cucumber-core-7.8.0.jar:/Users/sapogmayshirzai/.m2/repository/io/cucumber/cucumber-gherkin/7.8.0/cucumber-gherkin-7.8.0.jar:/Users/sapogmayshirzai/.m2/repository/io/cucumber/cucumber-gherkin-messages/7.8.0/cucumber-gherkin-messages-7.8.0.jar:/Users/sapogmayshirzai/.m2/repository/io/cucumber/gherkin/24.0.0/gherkin-24.0.0.jar:/Users/sapogmayshirzai/.m2/repository/io/cucumber/messages/19.1.2/messages-19.1.2.jar:/Users/sapogmayshirzai/.m2/repository/io/cucumber/tag-expressions/4.1.0/tag-expressions-4.1.0.jar:/Users/sapogmayshirzai/.m2/repository/io/cucumber/cucumber-expressions/16.0.0/cucumber-expressions-16.0.0.jar:/Users/sapogmayshirzai/.m2/repository/io/cucumber/datatable/7.8.0/datatable-7.8.0.jar:/Users/sapogmayshirzai/.m2/repository/io/cucumber/cucumber-plugin/7.8.0/cucumber-plugin-7.8.0.jar:/Users/sapogmayshirzai/.m2/repository/io/cucumber/docstring/7.8.0/docstring-7.8.0.jar:/Users/sapogmayshirzai/.m2/repository/io/cucumber/html-formatter/20.1.0/html-formatter-20.1.0.jar:/Users/sapogmayshirzai/.m2/repository/io/cucumber/ci-environment/9.1.0/ci-environment-9.1.0.jar:/Users/sapogmayshirzai/.m2/repository/org/apiguardian/apiguardian-api/1.1.2/apiguardian-api-1.1.2.jar:/Users/sapogmayshirzai/.m2/repository/io/cucumber/cucumber-junit/7.8.0/cucumber-junit-7.8.0.jar:/Users/sapogmayshirzai/.m2/repository/junit/junit/4.13.2/junit-4.13.2.jar:/Users/sapogmayshirzai/.m2/repository/org/hamcrest/hamcrest-core/1.3/hamcrest-core-1.3.jar:/Users/sapogmayshirzai/.m2/repository/com/github/javafaker/javafaker/1.0.2/javafaker-1.0.2.jar:/Users/sapogmayshirzai/.m2/repository/org/apache/commons/commons-lang3/3.5/commons-lang3-3.5.jar:/Users/sapogmayshirzai/.m2/repository/org/yaml/snakeyaml/1.23/snakeyaml-1.23-android.jar:/Users/sapogmayshirzai/.m2/repository/com/github/mifmif/generex/1.0.2/generex-1.0.2.jar:/Users/sapogmayshirzai/.m2/repository/dk/brics/automaton/automaton/1.11-8/automaton-1.11-8.jar:/Users/sapogmayshirzai/.m2/repository/org/seleniumhq/selenium/selenium-java/4.9.0/selenium-java-4.9.0.jar:/Users/sapogmayshirzai/.m2/repository/org/seleniumhq/selenium/selenium-api/4.9.0/selenium-api-4.9.0.jar:/Users/sapogmayshirzai/.m2/repository/org/seleniumhq/selenium/selenium-chrome-driver/4.9.0/selenium-chrome-driver-4.9.0.jar:/Users/sapogmayshirzai/.m2/repository/com/google/auto/service/auto-service-annotations/1.0.1/auto-service-annotations-1.0.1.jar:/Users/sapogmayshirzai/.m2/repository/com/google/auto/service/auto-service/1.0.1/auto-service-1.0.1.jar:/Users/sapogmayshirzai/.m2/repository/com/google/auto/auto-common/1.2/auto-common-1.2.jar:/Users/sapogmayshirzai/.m2/repository/com/google/guava/guava/31.1-jre/guava-31.1-jre.jar:/Users/sapogmayshirzai/.m2/repository/com/google/guava/failureaccess/1.0.1/failureaccess-1.0.1.jar:/Users/sapogmayshirzai/.m2/repository/com/google/guava/listenablefuture/9999.0-empty-to-avoid-conflict-with-guava/listenablefuture-9999.0-empty-to-avoid-conflict-with-guava.jar:/Users/sapogmayshirzai/.m2/repository/com/google/code/findbugs/jsr305/3.0.2/jsr305-3.0.2.jar:/Users/sapogmayshirzai/.m2/repository/org/checkerframework/checker-qual/3.12.0/checker-qual-3.12.0.jar:/Users/sapogmayshirzai/.m2/repository/com/google/errorprone/error_prone_annotations/2.11.0/error_prone_annotations-2.11.0.jar:/Users/sapogmayshirzai/.m2/repository/com/google/j2objc/j2objc-annotations/1.3/j2objc-annotations-1.3.jar:/Users/sapogmayshirzai/.m2/repository/org/seleniumhq/selenium/selenium-chromium-driver/4.9.0/selenium-chromium-driver-4.9.0.jar:/Users/sapogmayshirzai/.m2/repository/org/seleniumhq/selenium/selenium-json/4.9.0/selenium-json-4.9.0.jar:/Users/sapogmayshirzai/.m2/repository/org/seleniumhq/selenium/selenium-manager/4.9.0/selenium-manager-4.9.0.jar:/Users/sapogmayshirzai/.m2/repository/org/seleniumhq/selenium/selenium-devtools-v110/4.9.0/selenium-devtools-v110-4.9.0.jar:/Users/sapogmayshirzai/.m2/repository/org/seleniumhq/selenium/selenium-devtools-v111/4.9.0/selenium-devtools-v111-4.9.0.jar:/Users/sapogmayshirzai/.m2/repository/org/seleniumhq/selenium/selenium-devtools-v112/4.9.0/selenium-devtools-v112-4.9.0.jar:/Users/sapogmayshirzai/.m2/repository/org/seleniumhq/selenium/selenium-devtools-v85/4.9.0/selenium-devtools-v85-4.9.0.jar:/Users/sapogmayshirzai/.m2/repository/org/seleniumhq/selenium/selenium-edge-driver/4.9.0/selenium-edge-driver-4.9.0.jar:/Users/sapogmayshirzai/.m2/repository/org/seleniumhq/selenium/selenium-firefox-driver/4.9.0/selenium-firefox-driver-4.9.0.jar:/Users/sapogmayshirzai/.m2/repository/org/seleniumhq/selenium/selenium-http/4.9.0/selenium-http-4.9.0.jar:/Users/sapogmayshirzai/.m2/repository/dev/failsafe/failsafe/3.3.1/failsafe-3.3.1.jar:/Users/sapogmayshirzai/.m2/repository/org/seleniumhq/selenium/selenium-ie-driver/4.9.0/selenium-ie-driver-4.9.0.jar:/Users/sapogmayshirzai/.m2/repository/org/seleniumhq/selenium/selenium-remote-driver/4.9.0/selenium-remote-driver-4.9.0.jar:/Users/sapogmayshirzai/.m2/repository/com/beust/jcommander/1.82/jcommander-1.82.jar:/Users/sapogmayshirzai/.m2/repository/io/netty/netty-buffer/4.1.91.Final/netty-buffer-4.1.91.Final.jar:/Users/sapogmayshirzai/.m2/repository/io/netty/netty-codec-http/4.1.91.Final/netty-codec-http-4.1.91.Final.jar:/Users/sapogmayshirzai/.m2/repository/io/netty/netty-codec/4.1.91.Final/netty-codec-4.1.91.Final.jar:/Users/sapogmayshirzai/.m2/repository/io/netty/netty-handler/4.1.91.Final/netty-handler-4.1.91.Final.jar:/Users/sapogmayshirzai/.m2/repository/io/netty/netty-common/4.1.91.Final/netty-common-4.1.91.Final.jar:/Users/sapogmayshirzai/.m2/repository/io/netty/netty-transport-classes-epoll/4.1.91.Final/netty-transport-classes-epoll-4.1.91.Final.jar:/Users/sapogmayshirzai/.m2/repository/io/netty/netty-transport-classes-kqueue/4.1.91.Final/netty-transport-classes-kqueue-4.1.91.Final.jar:/Users/sapogmayshirzai/.m2/repository/io/netty/netty-transport-native-epoll/4.1.91.Final/netty-transport-native-epoll-4.1.91.Final.jar:/Users/sapogmayshirzai/.m2/repository/io/netty/netty-transport-native-kqueue/4.1.91.Final/netty-transport-native-kqueue-4.1.91.Final.jar:/Users/sapogmayshirzai/.m2/repository/io/netty/netty-transport-native-unix-common/4.1.91.Final/netty-transport-native-unix-common-4.1.91.Final.jar:/Users/sapogmayshirzai/.m2/repository/io/netty/netty-transport/4.1.91.Final/netty-transport-4.1.91.Final.jar:/Users/sapogmayshirzai/.m2/repository/io/netty/netty-resolver/4.1.91.Final/netty-resolver-4.1.91.Final.jar:/Users/sapogmayshirzai/.m2/repository/io/opentelemetry/opentelemetry-api/1.25.0/opentelemetry-api-1.25.0.jar:/Users/sapogmayshirzai/.m2/repository/io/opentelemetry/opentelemetry-context/1.25.0/opentelemetry-context-1.25.0.jar:/Users/sapogmayshirzai/.m2/repository/io/opentelemetry/opentelemetry-exporter-logging/1.25.0/opentelemetry-exporter-logging-1.25.0.jar:/Users/sapogmayshirzai/.m2/repository/io/opentelemetry/opentelemetry-sdk-metrics/1.25.0/opentelemetry-sdk-metrics-1.25.0.jar:/Users/sapogmayshirzai/.m2/repository/io/opentelemetry/opentelemetry-sdk-logs/1.25.0-alpha/opentelemetry-sdk-logs-1.25.0-alpha.jar:/Users/sapogmayshirzai/.m2/repository/io/opentelemetry/opentelemetry-api-logs/1.25.0-alpha/opentelemetry-api-logs-1.25.0-alpha.jar:/Users/sapogmayshirzai/.m2/repository/io/opentelemetry/opentelemetry-api-events/1.25.0-alpha/opentelemetry-api-events-1.25.0-alpha.jar:/Users/sapogmayshirzai/.m2/repository/io/opentelemetry/opentelemetry-sdk-common/1.25.0/opentelemetry-sdk-common-1.25.0.jar:/Users/sapogmayshirzai/.m2/repository/io/opentelemetry/opentelemetry-sdk-extension-autoconfigure-spi/1.25.0/opentelemetry-sdk-extension-autoconfigure-spi-1.25.0.jar:/Users/sapogmayshirzai/.m2/repository/io/opentelemetry/opentelemetry-sdk-extension-autoconfigure/1.25.0-alpha/opentelemetry-sdk-extension-autoconfigure-1.25.0-alpha.jar:/Users/sapogmayshirzai/.m2/repository/io/opentelemetry/opentelemetry-sdk-trace/1.25.0/opentelemetry-sdk-trace-1.25.0.jar:/Users/sapogmayshirzai/.m2/repository/io/opentelemetry/opentelemetry-sdk/1.25.0/opentelemetry-sdk-1.25.0.jar:/Users/sapogmayshirzai/.m2/repository/io/opentelemetry/opentelemetry-semconv/1.25.0-alpha/opentelemetry-semconv-1.25.0-alpha.jar:/Users/sapogmayshirzai/.m2/repository/io/ous/jtoml/2.0.0/jtoml-2.0.0.jar:/Users/sapogmayshirzai/.m2/repository/net/bytebuddy/byte-buddy/1.14.4/byte-buddy-1.14.4.jar:/Users/sapogmayshirzai/.m2/repository/org/apache/commons/commons-exec/1.3/commons-exec-1.3.jar:/Users/sapogmayshirzai/.m2/repository/org/asynchttpclient/async-http-client/2.12.3/async-http-client-2.12.3.jar:/Users/sapogmayshirzai/.m2/repository/org/asynchttpclient/async-http-client-netty-utils/2.12.3/async-http-client-netty-utils-2.12.3.jar:/Users/sapogmayshirzai/.m2/repository/io/netty/netty-codec-socks/4.1.60.Final/netty-codec-socks-4.1.60.Final.jar:/Users/sapogmayshirzai/.m2/repository/io/netty/netty-handler-proxy/4.1.60.Final/netty-handler-proxy-4.1.60.Final.jar:/Users/sapogmayshirzai/.m2/repository/io/netty/netty-transport-native-epoll/4.1.60.Final/netty-transport-native-epoll-4.1.60.Final-linux-x86_64.jar:/Users/sapogmayshirzai/.m2/repository/io/netty/netty-transport-native-kqueue/4.1.60.Final/netty-transport-native-kqueue-4.1.60.Final-osx-x86_64.jar:/Users/sapogmayshirzai/.m2/repository/org/reactivestreams/reactive-streams/1.0.3/reactive-streams-1.0.3.jar:/Users/sapogmayshirzai/.m2/repository/com/typesafe/netty/netty-reactive-streams/2.0.4/netty-reactive-streams-2.0.4.jar:/Users/sapogmayshirzai/.m2/repository/com/sun/activation/jakarta.activation/1.2.2/jakarta.activation-1.2.2.jar:/Users/sapogmayshirzai/.m2/repository/org/seleniumhq/selenium/selenium-safari-driver/4.9.0/selenium-safari-driver-4.9.0.jar:/Users/sapogmayshirzai/.m2/repository/org/seleniumhq/selenium/selenium-support/4.9.0/selenium-support-4.9.0.jar:/Users/sapogmayshirzai/.m2/repository/io/github/bonigarcia/webdrivermanager/5.3.0/webdrivermanager-5.3.0.jar:/Users/sapogmayshirzai/.m2/repository/org/slf4j/slf4j-api/1.7.36/slf4j-api-1.7.36.jar:/Users/sapogmayshirzai/.m2/repository/com/google/code/gson/gson/2.9.1/gson-2.9.1.jar:/Users/sapogmayshirzai/.m2/repository/com/github/docker-java/docker-java/3.2.13/docker-java-3.2.13.jar:/Users/sapogmayshirzai/.m2/repository/com/github/docker-java/docker-java-core/3.2.13/docker-java-core-3.2.13.jar:/Users/sapogmayshirzai/.m2/repository/com/github/docker-java/docker-java-api/3.2.13/docker-java-api-3.2.13.jar:/Users/sapogmayshirzai/.m2/repository/com/fasterxml/jackson/core/jackson-annotations/2.10.3/jackson-annotations-2.10.3.jar:/Users/sapogmayshirzai/.m2/repository/com/fasterxml/jackson/core/jackson-databind/2.10.3/jackson-databind-2.10.3.jar:/Users/sapogmayshirzai/.m2/repository/com/fasterxml/jackson/core/jackson-core/2.10.3/jackson-core-2.10.3.jar:/Users/sapogmayshirzai/.m2/repository/org/bouncycastle/bcpkix-jdk15on/1.64/bcpkix-jdk15on-1.64.jar:/Users/sapogmayshirzai/.m2/repository/org/bouncycastle/bcprov-jdk15on/1.64/bcprov-jdk15on-1.64.jar:/Users/sapogmayshirzai/.m2/repository/org/slf4j/jcl-over-slf4j/1.7.30/jcl-over-slf4j-1.7.30.jar:/Users/sapogmayshirzai/.m2/repository/com/github/docker-java/docker-java-transport-httpclient5/3.2.13/docker-java-transport-httpclient5-3.2.13.jar:/Users/sapogmayshirzai/.m2/repository/com/github/docker-java/docker-java-transport/3.2.13/docker-java-transport-3.2.13.jar:/Users/sapogmayshirzai/.m2/repository/net/java/dev/jna/jna/5.8.0/jna-5.8.0.jar:/Users/sapogmayshirzai/.m2/repository/org/brotli/dec/0.1.2/dec-0.1.2.jar:/Users/sapogmayshirzai/.m2/repository/org/apache/httpcomponents/client5/httpclient5/5.1.3/httpclient5-5.1.3.jar:/Users/sapogmayshirzai/.m2/repository/org/apache/httpcomponents/core5/httpcore5/5.1.3/httpcore5-5.1.3.jar:/Users/sapogmayshirzai/.m2/repository/org/apache/httpcomponents/core5/httpcore5-h2/5.1.3/httpcore5-h2-5.1.3.jar:/Users/sapogmayshirzai/.m2/repository/org/apache/poi/poi/5.2.3/poi-5.2.3.jar:/Users/sapogmayshirzai/.m2/repository/commons-codec/commons-codec/1.15/commons-codec-1.15.jar:/Users/sapogmayshirzai/.m2/repository/org/apache/commons/commons-collections4/4.4/commons-collections4-4.4.jar:/Users/sapogmayshirzai/.m2/repository/org/apache/commons/commons-math3/3.6.1/commons-math3-3.6.1.jar:/Users/sapogmayshirzai/.m2/repository/com/zaxxer/SparseBitSet/1.2/SparseBitSet-1.2.jar:/Users/sapogmayshirzai/.m2/repository/org/apache/logging/log4j/log4j-api/2.18.0/log4j-api-2.18.0.jar:/Users/sapogmayshirzai/.m2/repository/org/apache/poi/poi-ooxml/5.2.3/poi-ooxml-5.2.3.jar:/Users/sapogmayshirzai/.m2/repository/org/apache/poi/poi-ooxml-lite/5.2.3/poi-ooxml-lite-5.2.3.jar:/Users/sapogmayshirzai/.m2/repository/org/apache/xmlbeans/xmlbeans/5.1.1/xmlbeans-5.1.1.jar:/Users/sapogmayshirzai/.m2/repository/org/apache/commons/commons-compress/1.21/commons-compress-1.21.jar:/Users/sapogmayshirzai/.m2/repository/com/github/virtuald/curvesapi/1.07/curvesapi-1.07.jar:/Users/sapogmayshirzai/.m2/repository/mysql/mysql-connector-java/8.0.30/mysql-connector-java-8.0.30.jar:/Users/sapogmayshirzai/.m2/repository/com/google/protobuf/protobuf-java/3.19.4/protobuf-java-3.19.4.jar:/Users/sapogmayshirzai/.m2/repository/commons-io/commons-io/2.11.0/commons-io-2.11.0.jar:/Users/sapogmayshirzai/.m2/repository/org/yaml/snakeyaml/1.33/snakeyaml-1.33.jar:/Users/sapogmayshirzai/.m2/repository/log4j/log4j/1.2.17/log4j-1.2.17.jar:"/>
    <property name="java.vm.vendor" value="Oracle Corporation"/>
    <property name="sun.arch.data.model" value="64"/>
    <property name="java.vendor.url" value="https://openjdk.java.net/"/>
    <property name="user.timezone" value=""/>
    <property name="java.vm.specification.version" value="11"/>
    <property name="os.name" value="Mac OS X"/>
    <property name="sun.java.launcher" value="SUN_STANDARD"/>
    <property name="user.country" value="US"/>
    <property name="sun.boot.library.path" value="/Users/sapogmayshirzai/Downloads/jdk-11.0.18.jdk/Contents/Home/lib"/>
    <property name="sun.java.command" value="/Users/sapogmayshirzai/eclipse-workspace/tek-capstone-guardians/target/surefire/surefirebooter-20230821172557706_3.jar /Users/sapogmayshirzai/eclipse-workspace/tek-capstone-guardians/target/surefire 2023-08-21T17-25-57_266-jvmRun1 surefire-20230821172557706_1tmp surefire_0-20230821172557706_2tmp"/>
    <property name="http.nonProxyHosts" value="local|*.local|169.254/16|*.169.254/16"/>
    <property name="jdk.debug" value="release"/>
    <property name="surefire.test.class.path" value="/Users/sapogmayshirzai/eclipse-workspace/tek-capstone-guardians/target/test-classes:/Users/sapogmayshirzai/eclipse-workspace/tek-capstone-guardians/target/classes:/Users/sapogmayshirzai/.m2/repository/io/cucumber/cucumber-java/7.8.0/cucumber-java-7.8.0.jar:/Users/sapogmayshirzai/.m2/repository/io/cucumber/cucumber-core/7.8.0/cucumber-core-7.8.0.jar:/Users/sapogmayshirzai/.m2/repository/io/cucumber/cucumber-gherkin/7.8.0/cucumber-gherkin-7.8.0.jar:/Users/sapogmayshirzai/.m2/repository/io/cucumber/cucumber-gherkin-messages/7.8.0/cucumber-gherkin-messages-7.8.0.jar:/Users/sapogmayshirzai/.m2/repository/io/cucumber/gherkin/24.0.0/gherkin-24.0.0.jar:/Users/sapogmayshirzai/.m2/repository/io/cucumber/messages/19.1.2/messages-19.1.2.jar:/Users/sapogmayshirzai/.m2/repository/io/cucumber/tag-expressions/4.1.0/tag-expressions-4.1.0.jar:/Users/sapogmayshirzai/.m2/repository/io/cucumber/cucumber-expressions/16.0.0/cucumber-expressions-16.0.0.jar:/Users/sapogmayshirzai/.m2/repository/io/cucumber/datatable/7.8.0/datatable-7.8.0.jar:/Users/sapogmayshirzai/.m2/repository/io/cucumber/cucumber-plugin/7.8.0/cucumber-plugin-7.8.0.jar:/Users/sapogmayshirzai/.m2/repository/io/cucumber/docstring/7.8.0/docstring-7.8.0.jar:/Users/sapogmayshirzai/.m2/repository/io/cucumber/html-formatter/20.1.0/html-formatter-20.1.0.jar:/Users/sapogmayshirzai/.m2/repository/io/cucumber/ci-environment/9.1.0/ci-environment-9.1.0.jar:/Users/sapogmayshirzai/.m2/repository/org/apiguardian/apiguardian-api/1.1.2/apiguardian-api-1.1.2.jar:/Users/sapogmayshirzai/.m2/repository/io/cucumber/cucumber-junit/7.8.0/cucumber-junit-7.8.0.jar:/Users/sapogmayshirzai/.m2/repository/junit/junit/4.13.2/junit-4.13.2.jar:/Users/sapogmayshirzai/.m2/repository/org/hamcrest/hamcrest-core/1.3/hamcrest-core-1.3.jar:/Users/sapogmayshirzai/.m2/repository/com/github/javafaker/javafaker/1.0.2/javafaker-1.0.2.jar:/Users/sapogmayshirzai/.m2/repository/org/apache/commons/commons-lang3/3.5/commons-lang3-3.5.jar:/Users/sapogmayshirzai/.m2/repository/org/yaml/snakeyaml/1.23/snakeyaml-1.23-android.jar:/Users/sapogmayshirzai/.m2/repository/com/github/mifmif/generex/1.0.2/generex-1.0.2.jar:/Users/sapogmayshirzai/.m2/repository/dk/brics/automaton/automaton/1.11-8/automaton-1.11-8.jar:/Users/sapogmayshirzai/.m2/repository/org/seleniumhq/selenium/selenium-java/4.9.0/selenium-java-4.9.0.jar:/Users/sapogmayshirzai/.m2/repository/org/seleniumhq/selenium/selenium-api/4.9.0/selenium-api-4.9.0.jar:/Users/sapogmayshirzai/.m2/repository/org/seleniumhq/selenium/selenium-chrome-driver/4.9.0/selenium-chrome-driver-4.9.0.jar:/Users/sapogmayshirzai/.m2/repository/com/google/auto/service/auto-service-annotations/1.0.1/auto-service-annotations-1.0.1.jar:/Users/sapogmayshirzai/.m2/repository/com/google/auto/service/auto-service/1.0.1/auto-service-1.0.1.jar:/Users/sapogmayshirzai/.m2/repository/com/google/auto/auto-common/1.2/auto-common-1.2.jar:/Users/sapogmayshirzai/.m2/repository/com/google/guava/guava/31.1-jre/guava-31.1-jre.jar:/Users/sapogmayshirzai/.m2/repository/com/google/guava/failureaccess/1.0.1/failureaccess-1.0.1.jar:/Users/sapogmayshirzai/.m2/repository/com/google/guava/listenablefuture/9999.0-empty-to-avoid-conflict-with-guava/listenablefuture-9999.0-empty-to-avoid-conflict-with-guava.jar:/Users/sapogmayshirzai/.m2/repository/com/google/code/findbugs/jsr305/3.0.2/jsr305-3.0.2.jar:/Users/sapogmayshirzai/.m2/repository/org/checkerframework/checker-qual/3.12.0/checker-qual-3.12.0.jar:/Users/sapogmayshirzai/.m2/repository/com/google/errorprone/error_prone_annotations/2.11.0/error_prone_annotations-2.11.0.jar:/Users/sapogmayshirzai/.m2/repository/com/google/j2objc/j2objc-annotations/1.3/j2objc-annotations-1.3.jar:/Users/sapogmayshirzai/.m2/repository/org/seleniumhq/selenium/selenium-chromium-driver/4.9.0/selenium-chromium-driver-4.9.0.jar:/Users/sapogmayshirzai/.m2/repository/org/seleniumhq/selenium/selenium-json/4.9.0/selenium-json-4.9.0.jar:/Users/sapogmayshirzai/.m2/repository/org/seleniumhq/selenium/selenium-manager/4.9.0/selenium-manager-4.9.0.jar:/Users/sapogmayshirzai/.m2/repository/org/seleniumhq/selenium/selenium-devtools-v110/4.9.0/selenium-devtools-v110-4.9.0.jar:/Users/sapogmayshirzai/.m2/repository/org/seleniumhq/selenium/selenium-devtools-v111/4.9.0/selenium-devtools-v111-4.9.0.jar:/Users/sapogmayshirzai/.m2/repository/org/seleniumhq/selenium/selenium-devtools-v112/4.9.0/selenium-devtools-v112-4.9.0.jar:/Users/sapogmayshirzai/.m2/repository/org/seleniumhq/selenium/selenium-devtools-v85/4.9.0/selenium-devtools-v85-4.9.0.jar:/Users/sapogmayshirzai/.m2/repository/org/seleniumhq/selenium/selenium-edge-driver/4.9.0/selenium-edge-driver-4.9.0.jar:/Users/sapogmayshirzai/.m2/repository/org/seleniumhq/selenium/selenium-firefox-driver/4.9.0/selenium-firefox-driver-4.9.0.jar:/Users/sapogmayshirzai/.m2/repository/org/seleniumhq/selenium/selenium-http/4.9.0/selenium-http-4.9.0.jar:/Users/sapogmayshirzai/.m2/repository/dev/failsafe/failsafe/3.3.1/failsafe-3.3.1.jar:/Users/sapogmayshirzai/.m2/repository/org/seleniumhq/selenium/selenium-ie-driver/4.9.0/selenium-ie-driver-4.9.0.jar:/Users/sapogmayshirzai/.m2/repository/org/seleniumhq/selenium/selenium-remote-driver/4.9.0/selenium-remote-driver-4.9.0.jar:/Users/sapogmayshirzai/.m2/repository/com/beust/jcommander/1.82/jcommander-1.82.jar:/Users/sapogmayshirzai/.m2/repository/io/netty/netty-buffer/4.1.91.Final/netty-buffer-4.1.91.Final.jar:/Users/sapogmayshirzai/.m2/repository/io/netty/netty-codec-http/4.1.91.Final/netty-codec-http-4.1.91.Final.jar:/Users/sapogmayshirzai/.m2/repository/io/netty/netty-codec/4.1.91.Final/netty-codec-4.1.91.Final.jar:/Users/sapogmayshirzai/.m2/repository/io/netty/netty-handler/4.1.91.Final/netty-handler-4.1.91.Final.jar:/Users/sapogmayshirzai/.m2/repository/io/netty/netty-common/4.1.91.Final/netty-common-4.1.91.Final.jar:/Users/sapogmayshirzai/.m2/repository/io/netty/netty-transport-classes-epoll/4.1.91.Final/netty-transport-classes-epoll-4.1.91.Final.jar:/Users/sapogmayshirzai/.m2/repository/io/netty/netty-transport-classes-kqueue/4.1.91.Final/netty-transport-classes-kqueue-4.1.91.Final.jar:/Users/sapogmayshirzai/.m2/repository/io/netty/netty-transport-native-epoll/4.1.91.Final/netty-transport-native-epoll-4.1.91.Final.jar:/Users/sapogmayshirzai/.m2/repository/io/netty/netty-transport-native-kqueue/4.1.91.Final/netty-transport-native-kqueue-4.1.91.Final.jar:/Users/sapogmayshirzai/.m2/repository/io/netty/netty-transport-native-unix-common/4.1.91.Final/netty-transport-native-unix-common-4.1.91.Final.jar:/Users/sapogmayshirzai/.m2/repository/io/netty/netty-transport/4.1.91.Final/netty-transport-4.1.91.Final.jar:/Users/sapogmayshirzai/.m2/repository/io/netty/netty-resolver/4.1.91.Final/netty-resolver-4.1.91.Final.jar:/Users/sapogmayshirzai/.m2/repository/io/opentelemetry/opentelemetry-api/1.25.0/opentelemetry-api-1.25.0.jar:/Users/sapogmayshirzai/.m2/repository/io/opentelemetry/opentelemetry-context/1.25.0/opentelemetry-context-1.25.0.jar:/Users/sapogmayshirzai/.m2/repository/io/opentelemetry/opentelemetry-exporter-logging/1.25.0/opentelemetry-exporter-logging-1.25.0.jar:/Users/sapogmayshirzai/.m2/repository/io/opentelemetry/opentelemetry-sdk-metrics/1.25.0/opentelemetry-sdk-metrics-1.25.0.jar:/Users/sapogmayshirzai/.m2/repository/io/opentelemetry/opentelemetry-sdk-logs/1.25.0-alpha/opentelemetry-sdk-logs-1.25.0-alpha.jar:/Users/sapogmayshirzai/.m2/repository/io/opentelemetry/opentelemetry-api-logs/1.25.0-alpha/opentelemetry-api-logs-1.25.0-alpha.jar:/Users/sapogmayshirzai/.m2/repository/io/opentelemetry/opentelemetry-api-events/1.25.0-alpha/opentelemetry-api-events-1.25.0-alpha.jar:/Users/sapogmayshirzai/.m2/repository/io/opentelemetry/opentelemetry-sdk-common/1.25.0/opentelemetry-sdk-common-1.25.0.jar:/Users/sapogmayshirzai/.m2/repository/io/opentelemetry/opentelemetry-sdk-extension-autoconfigure-spi/1.25.0/opentelemetry-sdk-extension-autoconfigure-spi-1.25.0.jar:/Users/sapogmayshirzai/.m2/repository/io/opentelemetry/opentelemetry-sdk-extension-autoconfigure/1.25.0-alpha/opentelemetry-sdk-extension-autoconfigure-1.25.0-alpha.jar:/Users/sapogmayshirzai/.m2/repository/io/opentelemetry/opentelemetry-sdk-trace/1.25.0/opentelemetry-sdk-trace-1.25.0.jar:/Users/sapogmayshirzai/.m2/repository/io/opentelemetry/opentelemetry-sdk/1.25.0/opentelemetry-sdk-1.25.0.jar:/Users/sapogmayshirzai/.m2/repository/io/opentelemetry/opentelemetry-semconv/1.25.0-alpha/opentelemetry-semconv-1.25.0-alpha.jar:/Users/sapogmayshirzai/.m2/repository/io/ous/jtoml/2.0.0/jtoml-2.0.0.jar:/Users/sapogmayshirzai/.m2/repository/net/bytebuddy/byte-buddy/1.14.4/byte-buddy-1.14.4.jar:/Users/sapogmayshirzai/.m2/repository/org/apache/commons/commons-exec/1.3/commons-exec-1.3.jar:/Users/sapogmayshirzai/.m2/repository/org/asynchttpclient/async-http-client/2.12.3/async-http-client-2.12.3.jar:/Users/sapogmayshirzai/.m2/repository/org/asynchttpclient/async-http-client-netty-utils/2.12.3/async-http-client-netty-utils-2.12.3.jar:/Users/sapogmayshirzai/.m2/repository/io/netty/netty-codec-socks/4.1.60.Final/netty-codec-socks-4.1.60.Final.jar:/Users/sapogmayshirzai/.m2/repository/io/netty/netty-handler-proxy/4.1.60.Final/netty-handler-proxy-4.1.60.Final.jar:/Users/sapogmayshirzai/.m2/repository/io/netty/netty-transport-native-epoll/4.1.60.Final/netty-transport-native-epoll-4.1.60.Final-linux-x86_64.jar:/Users/sapogmayshirzai/.m2/repository/io/netty/netty-transport-native-kqueue/4.1.60.Final/netty-transport-native-kqueue-4.1.60.Final-osx-x86_64.jar:/Users/sapogmayshirzai/.m2/repository/org/reactivestreams/reactive-streams/1.0.3/reactive-streams-1.0.3.jar:/Users/sapogmayshirzai/.m2/repository/com/typesafe/netty/netty-reactive-streams/2.0.4/netty-reactive-streams-2.0.4.jar:/Users/sapogmayshirzai/.m2/repository/com/sun/activation/jakarta.activation/1.2.2/jakarta.activation-1.2.2.jar:/Users/sapogmayshirzai/.m2/repository/org/seleniumhq/selenium/selenium-safari-driver/4.9.0/selenium-safari-driver-4.9.0.jar:/Users/sapogmayshirzai/.m2/repository/org/seleniumhq/selenium/selenium-support/4.9.0/selenium-support-4.9.0.jar:/Users/sapogmayshirzai/.m2/repository/io/github/bonigarcia/webdrivermanager/5.3.0/webdrivermanager-5.3.0.jar:/Users/sapogmayshirzai/.m2/repository/org/slf4j/slf4j-api/1.7.36/slf4j-api-1.7.36.jar:/Users/sapogmayshirzai/.m2/repository/com/google/code/gson/gson/2.9.1/gson-2.9.1.jar:/Users/sapogmayshirzai/.m2/repository/com/github/docker-java/docker-java/3.2.13/docker-java-3.2.13.jar:/Users/sapogmayshirzai/.m2/repository/com/github/docker-java/docker-java-core/3.2.13/docker-java-core-3.2.13.jar:/Users/sapogmayshirzai/.m2/repository/com/github/docker-java/docker-java-api/3.2.13/docker-java-api-3.2.13.jar:/Users/sapogmayshirzai/.m2/repository/com/fasterxml/jackson/core/jackson-annotations/2.10.3/jackson-annotations-2.10.3.jar:/Users/sapogmayshirzai/.m2/repository/com/fasterxml/jackson/core/jackson-databind/2.10.3/jackson-databind-2.10.3.jar:/Users/sapogmayshirzai/.m2/repository/com/fasterxml/jackson/core/jackson-core/2.10.3/jackson-core-2.10.3.jar:/Users/sapogmayshirzai/.m2/repository/org/bouncycastle/bcpkix-jdk15on/1.64/bcpkix-jdk15on-1.64.jar:/Users/sapogmayshirzai/.m2/repository/org/bouncycastle/bcprov-jdk15on/1.64/bcprov-jdk15on-1.64.jar:/Users/sapogmayshirzai/.m2/repository/org/slf4j/jcl-over-slf4j/1.7.30/jcl-over-slf4j-1.7.30.jar:/Users/sapogmayshirzai/.m2/repository/com/github/docker-java/docker-java-transport-httpclient5/3.2.13/docker-java-transport-httpclient5-3.2.13.jar:/Users/sapogmayshirzai/.m2/repository/com/github/docker-java/docker-java-transport/3.2.13/docker-java-transport-3.2.13.jar:/Users/sapogmayshirzai/.m2/repository/net/java/dev/jna/jna/5.8.0/jna-5.8.0.jar:/Users/sapogmayshirzai/.m2/repository/org/brotli/dec/0.1.2/dec-0.1.2.jar:/Users/sapogmayshirzai/.m2/repository/org/apache/httpcomponents/client5/httpclient5/5.1.3/httpclient5-5.1.3.jar:/Users/sapogmayshirzai/.m2/repository/org/apache/httpcomponents/core5/httpcore5/5.1.3/httpcore5-5.1.3.jar:/Users/sapogmayshirzai/.m2/repository/org/apache/httpcomponents/core5/httpcore5-h2/5.1.3/httpcore5-h2-5.1.3.jar:/Users/sapogmayshirzai/.m2/repository/org/apache/poi/poi/5.2.3/poi-5.2.3.jar:/Users/sapogmayshirzai/.m2/repository/commons-codec/commons-codec/1.15/commons-codec-1.15.jar:/Users/sapogmayshirzai/.m2/repository/org/apache/commons/commons-collections4/4.4/commons-collections4-4.4.jar:/Users/sapogmayshirzai/.m2/repository/org/apache/commons/commons-math3/3.6.1/commons-math3-3.6.1.jar:/Users/sapogmayshirzai/.m2/repository/com/zaxxer/SparseBitSet/1.2/SparseBitSet-1.2.jar:/Users/sapogmayshirzai/.m2/repository/org/apache/logging/log4j/log4j-api/2.18.0/log4j-api-2.18.0.jar:/Users/sapogmayshirzai/.m2/repository/org/apache/poi/poi-ooxml/5.2.3/poi-ooxml-5.2.3.jar:/Users/sapogmayshirzai/.m2/repository/org/apache/poi/poi-ooxml-lite/5.2.3/poi-ooxml-lite-5.2.3.jar:/Users/sapogmayshirzai/.m2/repository/org/apache/xmlbeans/xmlbeans/5.1.1/xmlbeans-5.1.1.jar:/Users/sapogmayshirzai/.m2/repository/org/apache/commons/commons-compress/1.21/commons-compress-1.21.jar:/Users/sapogmayshirzai/.m2/repository/com/github/virtuald/curvesapi/1.07/curvesapi-1.07.jar:/Users/sapogmayshirzai/.m2/repository/mysql/mysql-connector-java/8.0.30/mysql-connector-java-8.0.30.jar:/Users/sapogmayshirzai/.m2/repository/com/google/protobuf/protobuf-java/3.19.4/protobuf-java-3.19.4.jar:/Users/sapogmayshirzai/.m2/repository/commons-io/commons-io/2.11.0/commons-io-2.11.0.jar:/Users/sapogmayshirzai/.m2/repository/org/yaml/snakeyaml/1.33/snakeyaml-1.33.jar:/Users/sapogmayshirzai/.m2/repository/log4j/log4j/1.2.17/log4j-1.2.17.jar:"/>
    <property name="sun.cpu.endian" value="little"/>
    <property name="user.home" value="/Users/sapogmayshirzai"/>
    <property name="user.language" value="en"/>
    <property name="java.specification.vendor" value="Oracle Corporation"/>
    <property name="java.version.date" value="2023-01-17"/>
    <property name="java.home" value="/Users/sapogmayshirzai/Downloads/jdk-11.0.18.jdk/Contents/Home"/>
    <property name="file.separator" value="/"/>
    <property name="style.color" value="always"/>
    <property name="basedir" value="/Users/sapogmayshirzai/eclipse-workspace/tek-capstone-guardians"/>
    <property name="java.vm.compressedOopsMode" value="Zero based"/>
    <property name="line.separator" value="&#10;"/>
    <property name="java.specification.name" value="Java Platform API Specification"/>
    <property name="java.vm.specification.vendor" value="Oracle Corporation"/>
    <property name="java.awt.graphicsenv" value="sun.awt.CGraphicsEnvironment"/>
    <property name="surefire.real.class.path" value="/Users/sapogmayshirzai/eclipse-workspace/tek-capstone-guardians/target/surefire/surefirebooter-20230821172557706_3.jar"/>
    <property name="sun.management.compiler" value="HotSpot 64-Bit Tiered Compilers"/>
    <property name="ftp.nonProxyHosts" value="local|*.local|169.254/16|*.169.254/16"/>
    <property name="java.runtime.version" value="11.0.18+9-LTS-195"/>
    <property name="user.name" value="sapogmayshirzai"/>
    <property name="path.separator" value=":"/>
    <property name="os.version" value="11.7.8"/>
    <property name="java.runtime.name" value="Java(TM) SE Runtime Environment"/>
    <property name="file.encoding" value="UTF-8"/>
    <property name="java.vm.name" value="Java HotSpot(TM) 64-Bit Server VM"/>
    <property name="java.vendor.version" value="18.9"/>
    <property name="localRepository" value="/Users/sapogmayshirzai/.m2/repository"/>
    <property name="java.vendor.url.bug" value="https://bugreport.java.com/bugreport/"/>
    <property name="java.io.tmpdir" value="/var/folders/0y/ftqk3_sj30s5ryb1gwrgh4mh0000gn/T/"/>
    <property name="java.version" value="11.0.18"/>
    <property name="user.dir" value="/Users/sapogmayshirzai/eclipse-workspace/tek-capstone-guardians"/>
    <property name="os.arch" value="x86_64"/>
    <property name="java.vm.specification.name" value="Java Virtual Machine Specification"/>
    <property name="java.awt.printerjob" value="sun.lwawt.macosx.CPrinterJob"/>
    <property name="sun.os.patch.level" value="unknown"/>
    <property name="java.library.path" value="/Users/sapogmayshirzai/Library/Java/Extensions:/Library/Java/Extensions:/Network/Library/Java/Extensions:/System/Library/Java/Extensions:/usr/lib/java:."/>
    <property name="java.vendor" value="Oracle Corporation"/>
    <property name="java.vm.info" value="mixed mode"/>
    <property name="java.vm.version" value="11.0.18+9-LTS-195"/>
    <property name="sun.io.unicode.encoding" value="UnicodeBig"/>
    <property name="java.class.version" value="55.0"/>
    <property name="socksNonProxyHosts" value="local|*.local|169.254/16|*.169.254/16"/>
  </properties>
  <testcase name="Verify User can update Profile Information" classname="Retail Account Page" time="9.343">
    <error message="Could not start a new session. Response code 500. Message: session not created: This version of ChromeDriver only supports Chrome version 114&#10;Current browser version is 116.0.5845.96 with binary path /Applications/Google Chrome.app/Contents/MacOS/Google Chrome &#10;Host info: host: &apos;Sapogmays-MacBook-Air.local&apos;, ip: &apos;2601:144:200:92c0:0:0:0:304%en0&apos;&#10;Build info: version: &apos;4.9.0&apos;, revision: &apos;d7057100a6&apos;&#10;System info: os.name: &apos;Mac OS X&apos;, os.arch: &apos;x86_64&apos;, os.version: &apos;11.7.8&apos;, java.version: &apos;11.0.18&apos;&#10;Driver info: org.openqa.selenium.chrome.ChromeDriver&#10;Command: [null, newSession {capabilities=[Capabilities {browserName: chrome, goog:chromeOptions: {args: [--remote-allow-origins=*], extensions: []}}]}]" type="org.openqa.selenium.SessionNotCreatedException"><![CDATA[org.openqa.selenium.SessionNotCreatedException: 
Could not start a new session. Response code 500. Message: session not created: This version of ChromeDriver only supports Chrome version 114
Current browser version is 116.0.5845.96 with binary path /Applications/Google Chrome.app/Contents/MacOS/Google Chrome 
Host info: host: 'Sapogmays-MacBook-Air.local', ip: '2601:144:200:92c0:0:0:0:304%en0'
Build info: version: '4.9.0', revision: 'd7057100a6'
System info: os.name: 'Mac OS X', os.arch: 'x86_64', os.version: '11.7.8', java.version: '11.0.18'
Driver info: org.openqa.selenium.chrome.ChromeDriver
Command: [null, newSession {capabilities=[Capabilities {browserName: chrome, goog:chromeOptions: {args: [--remote-allow-origins=*], extensions: []}}]}]
	at org.openqa.selenium.remote.ProtocolHandshake.createSession(ProtocolHandshake.java:136)
	at org.openqa.selenium.remote.ProtocolHandshake.createSession(ProtocolHandshake.java:94)
	at org.openqa.selenium.remote.ProtocolHandshake.createSession(ProtocolHandshake.java:68)
	at org.openqa.selenium.remote.HttpCommandExecutor.execute(HttpCommandExecutor.java:165)
	at org.openqa.selenium.remote.service.DriverCommandExecutor.invokeExecute(DriverCommandExecutor.java:183)
	at org.openqa.selenium.remote.service.DriverCommandExecutor.execute(DriverCommandExecutor.java:158)
	at org.openqa.selenium.remote.RemoteWebDriver.execute(RemoteWebDriver.java:543)
	at org.openqa.selenium.remote.RemoteWebDriver.startSession(RemoteWebDriver.java:229)
	at org.openqa.selenium.remote.RemoteWebDriver.<init>(RemoteWebDriver.java:157)
	at org.openqa.selenium.chromium.ChromiumDriver.<init>(ChromiumDriver.java:101)
	at org.openqa.selenium.chrome.ChromeDriver.<init>(ChromeDriver.java:88)
	at org.openqa.selenium.chrome.ChromeDriver.<init>(ChromeDriver.java:84)
	at org.openqa.selenium.chrome.ChromeDriver.<init>(ChromeDriver.java:52)
	at tek.capstone.framework.config.ChromeBrowser.openBrowser(ChromeBrowser.java:12)
	at tek.capstone.framework.base.BaseSetup.setupBrowser(BaseSetup.java:56)
	at tek.capstone.framework.base.BaseUlTest.setupTests(BaseUlTest.java:12)
]]></error>
    <system-out><![CDATA[
@updatePro
Scenario: Verify User can update Profile Information                            # features/RetailAccount.feature:11
      org.openqa.selenium.SessionNotCreatedException: Could not start a new session. Response code 500. Message: session not created: This version of ChromeDriver only supports Chrome version 114
Current browser version is 116.0.5845.96 with binary path /Applications/Google Chrome.app/Contents/MacOS/Google Chrome 
Host info: host: 'Sapogmays-MacBook-Air.local', ip: '2601:144:200:92c0:0:0:0:304%en0'
Build info: version: '4.9.0', revision: 'd7057100a6'
System info: os.name: 'Mac OS X', os.arch: 'x86_64', os.version: '11.7.8', java.version: '11.0.18'
Driver info: org.openqa.selenium.chrome.ChromeDriver
Command: [null, newSession {capabilities=[Capabilities {browserName: chrome, goog:chromeOptions: {args: [--remote-allow-origins=*], extensions: []}}]}]
	at org.openqa.selenium.remote.ProtocolHandshake.createSession(ProtocolHandshake.java:136)
	at org.openqa.selenium.remote.ProtocolHandshake.createSession(ProtocolHandshake.java:94)
	at org.openqa.selenium.remote.ProtocolHandshake.createSession(ProtocolHandshake.java:68)
	at org.openqa.selenium.remote.HttpCommandExecutor.execute(HttpCommandExecutor.java:165)
	at org.openqa.selenium.remote.service.DriverCommandExecutor.invokeExecute(DriverCommandExecutor.java:183)
	at org.openqa.selenium.remote.service.DriverCommandExecutor.execute(DriverCommandExecutor.java:158)
	at org.openqa.selenium.remote.RemoteWebDriver.execute(RemoteWebDriver.java:543)
	at org.openqa.selenium.remote.RemoteWebDriver.startSession(RemoteWebDriver.java:229)
	at org.openqa.selenium.remote.RemoteWebDriver.<init>(RemoteWebDriver.java:157)
	at org.openqa.selenium.chromium.ChromiumDriver.<init>(ChromiumDriver.java:101)
	at org.openqa.selenium.chrome.ChromeDriver.<init>(ChromeDriver.java:88)
	at org.openqa.selenium.chrome.ChromeDriver.<init>(ChromeDriver.java:84)
	at org.openqa.selenium.chrome.ChromeDriver.<init>(ChromeDriver.java:52)
	at tek.capstone.framework.config.ChromeBrowser.openBrowser(ChromeBrowser.java:12)
	at tek.capstone.framework.base.BaseSetup.setupBrowser(BaseSetup.java:56)
	at tek.capstone.framework.base.BaseUlTest.setupTests(BaseUlTest.java:12)

  Given User is on retail website                                               # tek.capstone.framework.steps.SignInSteps.userIsOnRetailWebsiteHomepage()
  When User click on Sign in option                                             # tek.capstone.framework.steps.SignInSteps.userClickOnTheLoginLink()
  And User enter email 'spogmay.shirzai12@tekschool.us' and password 'Tek@1234' # tek.capstone.framework.steps.SignInSteps.userEnterEmailAndPassword(java.lang.String,java.lang.String)
  And User click on login button                                                # tek.capstone.framework.steps.SignInSteps.userClickOnLoginButton()
  And User should be logged in into Account                                     # tek.capstone.framework.steps.SignInSteps.userShouldBeLoggedInIntoAccount()
  When User click on Account option                                             # tek.capstone.framework.steps.RetailAccountSteps.userClickOnAccountOption()
  And User update Name 'Ali' and Phone ''                                       # tek.capstone.framework.steps.RetailAccountSteps.userUpdateNameAndPhone(java.lang.String,java.lang.String)
  And User click on Update button                                               # tek.capstone.framework.steps.RetailAccountSteps.userClickOnUpdateButton()
  Then user profile information should be updated                               # tek.capstone.framework.steps.RetailAccountSteps.userProfileInformationShouldBeUpdated()
      java.lang.NullPointerException
	at tek.capstone.framework.utilities.CommonUtility.takeScreenShotAsBytes(CommonUtility.java:65)
	at tek.capstone.framework.base.BaseUlTest.closeTests(BaseUlTest.java:19)

]]></system-out>
    <system-err><![CDATA[SLF4J: Failed to load class "org.slf4j.impl.StaticLoggerBinder".
SLF4J: Defaulting to no-operation (NOP) logger implementation
SLF4J: See http://www.slf4j.org/codes.html#StaticLoggerBinder for further details.
ERROR StatusLogger Log4j2 could not find a logging implementation. Please add log4j-core to the classpath. Using SimpleLogger to log to the console...
Starting ChromeDriver 114.0.5735.90 (386bc09e8f4f2e025eddae123f36f6263096ae49-refs/branch-heads/5735@{#1052}) on port 10649
Only local connections are allowed.
Please see https://chromedriver.chromium.org/security-considerations for suggestions on keeping ChromeDriver safe.
ChromeDriver was started successfully.
]]></system-err>
  </testcase>
  <testcase name="Verify User can update Profile Information" classname="Retail Account Page" time="9.347">
    <error type="java.lang.NullPointerException"><![CDATA[java.lang.NullPointerException
	at tek.capstone.framework.utilities.CommonUtility.takeScreenShotAsBytes(CommonUtility.java:65)
	at tek.capstone.framework.base.BaseUlTest.closeTests(BaseUlTest.java:19)
]]></error>
  </testcase>
</testsuite>